<?xml version="1.0" encoding="UTF-8"?>
<!-- Generated by org.testng.reporters.JUnitReportReporter -->
<testsuite hostname="ASHISH" failures="0" tests="1" name="Scripts.Testcase1" time="17.555" errors="0" timestamp="2022-12-02T17:54:19 IST" skipped="0">
  <testcase classname="Scripts.Testcase1" name="tc1" time="17.555"/>
  <system-out/>
</testsuite> <!-- Scripts.Testcase1 -->
