<?xml version="1.0" encoding="UTF-8"?>
<!-- Generated by org.testng.reporters.JUnitReportReporter -->
<testsuite hostname="ASHISH" failures="0" tests="1" name="Scripts.Testcase3" time="22.598" errors="0" timestamp="2022-12-02T17:54:19 IST" skipped="0">
  <testcase classname="Scripts.Testcase3" name="tc3" time="22.598"/>
  <system-out/>
</testsuite> <!-- Scripts.Testcase3 -->
